<?xml version="1.0" encoding="UTF-8"?>
<testsuite xmlns:xsi="http://www.w3.org/2001/XMLSchema-instance" xsi:noNamespaceSchemaLocation="https://maven.apache.org/surefire/maven-surefire-plugin/xsd/surefire-test-report-3.0.xsd" version="3.0" name="net.javaguides.springboot.SpringbootApplicationTests" time="13.932" tests="1" errors="0" skipped="0" failures="0">
  <properties>
[...]
</properties>
  <testcase name="contextLoads" classname="net.javaguides.springboot.SpringbootApplicationTests" time="1.187">
    <system-out><![CDATA[11:01:31.385 [main] INFO org.springframework.test.context.support.AnnotationConfigContextLoaderUtils -- Could not detect default configuration classes for test class [net.javaguides.springboot.SpringbootApplicationTests]: SpringbootApplicationTests does not declare any static, non-private, non-final, nested classes annotated with @Configuration.
11:01:31.687 [main] INFO org.springframework.boot.test.context.SpringBootTestContextBootstrapper -- Found @SpringBootConfiguration net.javaguides.springboot.SpringbootBackendApplication for test class net.javaguides.springboot.SpringbootApplicationTests

  .   ____          _            __ _ _
 /\\ / ___'_ __ _ _(_)_ __  __ _ \ \ \ \
( ( )\___ | '_ | '_| | '_ \/ _` | \ \ \ \
 \\/  ___)| |_)| | | | | || (_| |  ) ) ) )
  '  |____| .__|_| |_|_| |_\__, | / / / /
 =========|_|==============|___/=/_/_/_/
 :: Spring Boot ::                (v3.1.2)

2023-08-23T11:01:32.558+05:30  INFO 11792 --- [           main] n.j.s.SpringbootApplicationTests         : Starting SpringbootApplicationTests using Java 20.0.2 with PID 11792 (started by SRIRAHUL in C:\Users\SRIRAHUL\Desktop\AE\full_time\java_springboot\springboot)
2023-08-23T11:01:32.560+05:30  INFO 11792 --- [           main] n.j.s.SpringbootApplicationTests         : No active profile set, falling back to 1 default profile: "default"
2023-08-23T11:01:34.031+05:30  INFO 11792 --- [           main] .s.d.r.c.RepositoryConfigurationDelegate : Bootstrapping Spring Data JPA repositories in DEFAULT mode.
2023-08-23T11:01:34.137+05:30  INFO 11792 --- [           main] .s.d.r.c.RepositoryConfigurationDelegate : Finished Spring Data repository scanning in 93 ms. Found 1 JPA repository interfaces.
2023-08-23T11:01:34.657+05:30  WARN 11792 --- [           main] ocalVariableTableParameterNameDiscoverer : Using deprecated '-debug' fallback for parameter name resolution. Compile the affected code with '-parameters' instead or avoid its introspection: org.javers.spring.auditable.aspect.JaversAuditableAspect
2023-08-23T11:01:34.664+05:30  WARN 11792 --- [           main] ocalVariableTableParameterNameDiscoverer : Using deprecated '-debug' fallback for parameter name resolution. Compile the affected code with '-parameters' instead or avoid its introspection: org.javers.spring.auditable.aspect.springdatajpa.JaversSpringDataJpaAuditableRepositoryAspect
2023-08-23T11:01:34.665+05:30  WARN 11792 --- [           main] ocalVariableTableParameterNameDiscoverer : Using deprecated '-debug' fallback for parameter name resolution. Compile the affected code with '-parameters' instead or avoid its introspection: org.javers.spring.auditable.aspect.springdatajpa.JaversSpringDataJpaAuditableRepositoryAspect
2023-08-23T11:01:34.666+05:30  WARN 11792 --- [           main] ocalVariableTableParameterNameDiscoverer : Using deprecated '-debug' fallback for parameter name resolution. Compile the affected code with '-parameters' instead or avoid its introspection: org.javers.spring.auditable.aspect.springdatajpa.JaversSpringDataJpaAuditableRepositoryAspect
2023-08-23T11:01:35.587+05:30  INFO 11792 --- [           main] o.hibernate.jpa.internal.util.LogHelper  : HHH000204: Processing PersistenceUnitInfo [name: default]
2023-08-23T11:01:35.764+05:30  INFO 11792 --- [           main] org.hibernate.Version                    : HHH000412: Hibernate ORM core version 6.2.6.Final
2023-08-23T11:01:35.769+05:30  INFO 11792 --- [           main] org.hibernate.cfg.Environment            : HHH000406: Using bytecode reflection optimizer
2023-08-23T11:01:36.139+05:30  INFO 11792 --- [           main] o.h.b.i.BytecodeProviderInitiator        : HHH000021: Bytecode provider name : bytebuddy
2023-08-23T11:01:36.635+05:30  INFO 11792 --- [           main] o.s.o.j.p.SpringPersistenceUnitInfo      : No LoadTimeWeaver setup: ignoring JPA class transformer
2023-08-23T11:01:36.706+05:30  INFO 11792 --- [           main] com.zaxxer.hikari.HikariDataSource       : HikariPool-1 - Starting...
2023-08-23T11:01:37.297+05:30  INFO 11792 --- [           main] com.zaxxer.hikari.pool.HikariPool        : HikariPool-1 - Added connection org.postgresql.jdbc.PgConnection@59e082f8
2023-08-23T11:01:37.300+05:30  INFO 11792 --- [           main] com.zaxxer.hikari.HikariDataSource       : HikariPool-1 - Start completed.
2023-08-23T11:01:38.266+05:30  INFO 11792 --- [           main] o.h.b.i.BytecodeProviderInitiator        : HHH000021: Bytecode provider name : bytebuddy
2023-08-23T11:01:39.628+05:30  INFO 11792 --- [           main] o.h.e.t.j.p.i.JtaPlatformInitiator       : HHH000490: Using JtaPlatform implementation: [org.hibernate.engine.transaction.jta.platform.internal.NoJtaPlatform]
2023-08-23T11:01:39.710+05:30  INFO 11792 --- [           main] j.LocalContainerEntityManagerFactoryBean : Initialized JPA EntityManagerFactory for persistence unit 'default'
2023-08-23T11:01:41.275+05:30  WARN 11792 --- [           main] JpaBaseConfiguration$JpaWebConfiguration : spring.jpa.open-in-view is enabled by default. Therefore, database queries may be performed during view rendering. Explicitly configure spring.jpa.open-in-view to disable this warning
2023-08-23T11:01:42.164+05:30  INFO 11792 --- [           main] o.s.b.a.w.s.WelcomePageHandlerMapping    : Adding welcome page: class path resource [static/index.html]
2023-08-23T11:01:42.506+05:30  INFO 11792 --- [           main] o.j.s.b.sql.JaversSqlAutoConfiguration   : detected Hibernate dialect: PostgreSQLDialect
2023-08-23T11:01:42.529+05:30  INFO 11792 --- [           main] o.j.repository.sql.SqlRepositoryBuilder  : starting SqlRepository...
2023-08-23T11:01:42.529+05:30  INFO 11792 --- [           main] o.j.repository.sql.SqlRepositoryBuilder  :   dialect:                  POSTGRES
2023-08-23T11:01:42.529+05:30  INFO 11792 --- [           main] o.j.repository.sql.SqlRepositoryBuilder  :   schemaManagementEnabled:  true
2023-08-23T11:01:42.530+05:30  INFO 11792 --- [           main] o.j.repository.sql.SqlRepositoryBuilder  :   schema name:              public
2023-08-23T11:01:42.729+05:30  INFO 11792 --- [           main] o.j.r.sql.schema.TableNameProvider       : Commit table:           public.jv_commit
2023-08-23T11:01:42.729+05:30  INFO 11792 --- [           main] o.j.r.sql.schema.TableNameProvider       : CommitProperty table:   public.jv_commit_property
2023-08-23T11:01:42.729+05:30  INFO 11792 --- [           main] o.j.r.sql.schema.TableNameProvider       : GlobalId table:         public.jv_global_id
2023-08-23T11:01:42.729+05:30  INFO 11792 --- [           main] o.j.r.sql.schema.TableNameProvider       : Snapshot table:         public.jv_snapshot
2023-08-23T11:01:43.043+05:30  INFO 11792 --- [           main] org.javers.core.JaversBuilder            : mappingStyle: FIELD
2023-08-23T11:01:43.079+05:30  INFO 11792 --- [           main] org.javers.core.JaversBuilder            : loading GuavaAddOns ...
2023-08-23T11:01:43.693+05:30  INFO 11792 --- [           main] n.j.s.SpringbootApplicationTests         : Started SpringbootApplicationTests in 11.717 seconds (process running for 19.945)
]]></system-out>
  </testcase>
</testsuite>